# Logfile created on 2011-01-16 15:17:55 -0430 by logger.rb/25413
REQUESTING PAGE: GET /articles with {} and HTTP headers {}
REQUESTING PAGE: GET /articles with {} and HTTP headers {}
REQUESTING PAGE: GET /articles/1 with {} and HTTP headers {"HTTP_REFERER"=>"/articles"}
REQUESTING PAGE: GET /articles with {} and HTTP headers {}
REQUESTING PAGE: GET /articles with {} and HTTP headers {}
REQUESTING PAGE: GET /articles/1 with {} and HTTP headers {"HTTP_REFERER"=>"/articles"}
REQUESTING PAGE: GET /articles with {} and HTTP headers {}
REQUESTING PAGE: GET /articles with {} and HTTP headers {}
REQUESTING PAGE: GET /articles/1 with {} and HTTP headers {"HTTP_REFERER"=>"/articles"}
REQUESTING PAGE: GET /articles with {} and HTTP headers {}
REQUESTING PAGE: GET /articles with {} and HTTP headers {}
REQUESTING PAGE: GET /articles/1 with {} and HTTP headers {"HTTP_REFERER"=>"/articles"}
REQUESTING PAGE: GET /articles with {} and HTTP headers {}
REQUESTING PAGE: GET /articles with {} and HTTP headers {}
REQUESTING PAGE: GET /articles/1 with {} and HTTP headers {"HTTP_REFERER"=>"/articles"}
REQUESTING PAGE: GET /articles with {} and HTTP headers {}
REQUESTING PAGE: GET /articles with {} and HTTP headers {}
REQUESTING PAGE: GET /articles/1 with {} and HTTP headers {"HTTP_REFERER"=>"/articles"}
REQUESTING PAGE: GET /articles with {} and HTTP headers {}
REQUESTING PAGE: GET /articles with {} and HTTP headers {}
REQUESTING PAGE: GET /articles with {} and HTTP headers {}
REQUESTING PAGE: GET /articles with {} and HTTP headers {}
REQUESTING PAGE: GET /articles/1 with {} and HTTP headers {"HTTP_REFERER"=>"/articles"}
REQUESTING PAGE: GET /articles with {} and HTTP headers {}
REQUESTING PAGE: GET /articles with {} and HTTP headers {}
REQUESTING PAGE: GET /articles/1 with {} and HTTP headers {"HTTP_REFERER"=>"/articles"}
REQUESTING PAGE: GET /articles with {} and HTTP headers {}
REQUESTING PAGE: GET /articles with {} and HTTP headers {}
REQUESTING PAGE: GET /articles with {} and HTTP headers {}
REQUESTING PAGE: GET /articles/1 with {} and HTTP headers {"HTTP_REFERER"=>"/articles"}
REQUESTING PAGE: GET /articles with {} and HTTP headers {}
REQUESTING PAGE: GET /articles/1 with {} and HTTP headers {"HTTP_REFERER"=>"/articles"}
REQUESTING PAGE: GET /articles with {} and HTTP headers {}
REQUESTING PAGE: GET /articles/1 with {} and HTTP headers {"HTTP_REFERER"=>"/articles"}
REQUESTING PAGE: GET /articles with {} and HTTP headers {}
REQUESTING PAGE: GET /articles with {} and HTTP headers {}
REQUESTING PAGE: GET /articles/1 with {} and HTTP headers {"HTTP_REFERER"=>"/articles"}
REQUESTING PAGE: GET /articles with {} and HTTP headers {}
REQUESTING PAGE: GET /articles/new with {} and HTTP headers {"HTTP_REFERER"=>"/articles"}
REQUESTING PAGE: GET /articles with {} and HTTP headers {}
REQUESTING PAGE: GET /articles/new with {} and HTTP headers {"HTTP_REFERER"=>"/articles"}
REQUESTING PAGE: GET /articles with {} and HTTP headers {}
REQUESTING PAGE: GET /articles/1 with {} and HTTP headers {"HTTP_REFERER"=>"/articles"}
REQUESTING PAGE: GET /articles with {} and HTTP headers {}
REQUESTING PAGE: GET /articles/1 with {} and HTTP headers {"HTTP_REFERER"=>"/articles"}
REQUESTING PAGE: GET /articles with {} and HTTP headers {}
REQUESTING PAGE: GET /articles/1 with {} and HTTP headers {"HTTP_REFERER"=>"/articles"}
REQUESTING PAGE: GET /articles with {} and HTTP headers {}
REQUESTING PAGE: GET /articles with {} and HTTP headers {}
REQUESTING PAGE: GET /articles/1 with {} and HTTP headers {"HTTP_REFERER"=>"/articles"}
REQUESTING PAGE: GET /articles with {} and HTTP headers {}
REQUESTING PAGE: GET /articles/new with {} and HTTP headers {"HTTP_REFERER"=>"/articles"}
REQUESTING PAGE: GET /articles with {} and HTTP headers {}
REQUESTING PAGE: GET /articles/new with {} and HTTP headers {"HTTP_REFERER"=>"/articles"}
REQUESTING PAGE: GET /articles with {} and HTTP headers {}
REQUESTING PAGE: GET /articles/1 with {} and HTTP headers {"HTTP_REFERER"=>"/articles"}
REQUESTING PAGE: GET /articles with {} and HTTP headers {}
REQUESTING PAGE: GET /articles/1 with {} and HTTP headers {"HTTP_REFERER"=>"/articles"}
REQUESTING PAGE: GET /articles/1/edit with {} and HTTP headers {"HTTP_REFERER"=>"/articles/1"}
REQUESTING PAGE: GET /articles with {} and HTTP headers {}
REQUESTING PAGE: GET /articles/1 with {} and HTTP headers {"HTTP_REFERER"=>"/articles"}
REQUESTING PAGE: GET /articles/1/edit with {} and HTTP headers {"HTTP_REFERER"=>"/articles/1"}
REQUESTING PAGE: GET /articles with {} and HTTP headers {}
REQUESTING PAGE: GET /articles with {} and HTTP headers {}
REQUESTING PAGE: GET /articles/1 with {} and HTTP headers {"HTTP_REFERER"=>"/articles"}
REQUESTING PAGE: GET /articles with {} and HTTP headers {}
REQUESTING PAGE: GET /articles/new with {} and HTTP headers {"HTTP_REFERER"=>"/articles"}
REQUESTING PAGE: GET /articles with {} and HTTP headers {}
REQUESTING PAGE: GET /articles/new with {} and HTTP headers {"HTTP_REFERER"=>"/articles"}
REQUESTING PAGE: GET /articles with {} and HTTP headers {}
REQUESTING PAGE: GET /articles/1 with {} and HTTP headers {"HTTP_REFERER"=>"/articles"}
REQUESTING PAGE: GET /articles with {} and HTTP headers {}
REQUESTING PAGE: GET /articles/1 with {} and HTTP headers {"HTTP_REFERER"=>"/articles"}
REQUESTING PAGE: GET /articles/1/edit with {} and HTTP headers {"HTTP_REFERER"=>"/articles/1"}
REQUESTING PAGE: GET /articles with {} and HTTP headers {}
REQUESTING PAGE: GET /articles/1 with {} and HTTP headers {"HTTP_REFERER"=>"/articles"}
REQUESTING PAGE: GET /articles/1/edit with {} and HTTP headers {"HTTP_REFERER"=>"/articles/1"}
REQUESTING PAGE: GET /articles with {} and HTTP headers {}
REQUESTING PAGE: GET /articles with {} and HTTP headers {}
REQUESTING PAGE: GET /articles/1 with {} and HTTP headers {"HTTP_REFERER"=>"/articles"}
REQUESTING PAGE: GET /articles with {} and HTTP headers {}
REQUESTING PAGE: GET /articles/new with {} and HTTP headers {"HTTP_REFERER"=>"/articles"}
REQUESTING PAGE: GET /articles with {} and HTTP headers {}
REQUESTING PAGE: GET /articles/new with {} and HTTP headers {"HTTP_REFERER"=>"/articles"}
REQUESTING PAGE: GET /articles with {} and HTTP headers {}
REQUESTING PAGE: GET /articles/1 with {} and HTTP headers {"HTTP_REFERER"=>"/articles"}
REQUESTING PAGE: GET /articles with {} and HTTP headers {}
REQUESTING PAGE: GET /articles/1 with {} and HTTP headers {"HTTP_REFERER"=>"/articles"}
REQUESTING PAGE: GET /articles/1/edit with {} and HTTP headers {"HTTP_REFERER"=>"/articles/1"}
REQUESTING PAGE: GET /articles with {} and HTTP headers {}
REQUESTING PAGE: GET /articles/1 with {} and HTTP headers {"HTTP_REFERER"=>"/articles"}
REQUESTING PAGE: GET /articles/1/edit with {} and HTTP headers {"HTTP_REFERER"=>"/articles/1"}
REQUESTING PAGE: GET /articles with {} and HTTP headers {}
REQUESTING PAGE: GET /articles with {} and HTTP headers {}
REQUESTING PAGE: GET /articles/1 with {} and HTTP headers {"HTTP_REFERER"=>"/articles"}
REQUESTING PAGE: GET /articles with {} and HTTP headers {}
REQUESTING PAGE: GET /articles/new with {} and HTTP headers {"HTTP_REFERER"=>"/articles"}
REQUESTING PAGE: GET /articles with {} and HTTP headers {}
REQUESTING PAGE: GET /articles/new with {} and HTTP headers {"HTTP_REFERER"=>"/articles"}
REQUESTING PAGE: GET /articles with {} and HTTP headers {}
REQUESTING PAGE: GET /articles/1 with {} and HTTP headers {"HTTP_REFERER"=>"/articles"}
REQUESTING PAGE: GET /articles with {} and HTTP headers {}
REQUESTING PAGE: GET /articles/1 with {} and HTTP headers {"HTTP_REFERER"=>"/articles"}
REQUESTING PAGE: GET /articles/1/edit with {} and HTTP headers {"HTTP_REFERER"=>"/articles/1"}
REQUESTING PAGE: GET /articles with {} and HTTP headers {}
REQUESTING PAGE: GET /articles/1 with {} and HTTP headers {"HTTP_REFERER"=>"/articles"}
REQUESTING PAGE: GET /articles/1/edit with {} and HTTP headers {"HTTP_REFERER"=>"/articles/1"}
REQUESTING PAGE: GET /articles with {} and HTTP headers {}
REQUESTING PAGE: GET /articles with {} and HTTP headers {}
REQUESTING PAGE: GET /articles/1 with {} and HTTP headers {"HTTP_REFERER"=>"/articles"}
REQUESTING PAGE: GET /articles with {} and HTTP headers {}
REQUESTING PAGE: GET /articles/new with {} and HTTP headers {"HTTP_REFERER"=>"/articles"}
REQUESTING PAGE: GET /articles with {} and HTTP headers {}
REQUESTING PAGE: GET /articles/new with {} and HTTP headers {"HTTP_REFERER"=>"/articles"}
REQUESTING PAGE: GET /articles with {} and HTTP headers {}
REQUESTING PAGE: GET /articles/1 with {} and HTTP headers {"HTTP_REFERER"=>"/articles"}
REQUESTING PAGE: GET /articles with {} and HTTP headers {}
REQUESTING PAGE: GET /articles/1 with {} and HTTP headers {"HTTP_REFERER"=>"/articles"}
REQUESTING PAGE: GET /articles/1/edit with {} and HTTP headers {"HTTP_REFERER"=>"/articles/1"}
REQUESTING PAGE: GET /articles with {} and HTTP headers {}
REQUESTING PAGE: GET /articles/1 with {} and HTTP headers {"HTTP_REFERER"=>"/articles"}
REQUESTING PAGE: GET /articles/1/edit with {} and HTTP headers {"HTTP_REFERER"=>"/articles/1"}
REQUESTING PAGE: GET /articles with {} and HTTP headers {}
REQUESTING PAGE: GET /articles with {} and HTTP headers {}
REQUESTING PAGE: GET /articles/1 with {} and HTTP headers {"HTTP_REFERER"=>"/articles"}
REQUESTING PAGE: GET /articles with {} and HTTP headers {}
REQUESTING PAGE: GET /articles/new with {} and HTTP headers {"HTTP_REFERER"=>"/articles"}
REQUESTING PAGE: GET /articles with {} and HTTP headers {}
REQUESTING PAGE: GET /articles/new with {} and HTTP headers {"HTTP_REFERER"=>"/articles"}
REQUESTING PAGE: GET /articles with {} and HTTP headers {}
REQUESTING PAGE: GET /articles/1 with {} and HTTP headers {"HTTP_REFERER"=>"/articles"}
REQUESTING PAGE: GET /articles with {} and HTTP headers {}
REQUESTING PAGE: GET /articles/1 with {} and HTTP headers {"HTTP_REFERER"=>"/articles"}
REQUESTING PAGE: GET /articles/1/edit with {} and HTTP headers {"HTTP_REFERER"=>"/articles/1"}
REQUESTING PAGE: GET /articles with {} and HTTP headers {}
REQUESTING PAGE: GET /articles/1 with {} and HTTP headers {"HTTP_REFERER"=>"/articles"}
REQUESTING PAGE: GET /articles/1/edit with {} and HTTP headers {"HTTP_REFERER"=>"/articles/1"}
REQUESTING PAGE: GET /articles with {} and HTTP headers {}
REQUESTING PAGE: GET /articles with {} and HTTP headers {}
REQUESTING PAGE: GET /articles/1 with {} and HTTP headers {"HTTP_REFERER"=>"/articles"}
REQUESTING PAGE: GET /articles with {} and HTTP headers {}
REQUESTING PAGE: GET /articles/new with {} and HTTP headers {"HTTP_REFERER"=>"/articles"}
REQUESTING PAGE: POST /articles with {"utf8"=>"\xE2\x9C\x93", "article"=>{"title"=>"Hello world!", "content"=>""}, "commit"=>"Guardar"} and HTTP headers {"HTTP_REFERER"=>"/articles/new"}
REQUESTING PAGE: GET /articles with {} and HTTP headers {}
REQUESTING PAGE: GET /articles/new with {} and HTTP headers {"HTTP_REFERER"=>"/articles"}
REQUESTING PAGE: POST /articles with {"utf8"=>"\xE2\x9C\x93", "article"=>{"title"=>"", "content"=>""}, "commit"=>"Guardar"} and HTTP headers {"HTTP_REFERER"=>"/articles/new"}
REQUESTING PAGE: GET /articles with {} and HTTP headers {}
REQUESTING PAGE: GET /articles/1 with {} and HTTP headers {"HTTP_REFERER"=>"/articles"}
REQUESTING PAGE: GET /articles with {} and HTTP headers {}
REQUESTING PAGE: GET /articles/1 with {} and HTTP headers {"HTTP_REFERER"=>"/articles"}
REQUESTING PAGE: GET /articles/1/edit with {} and HTTP headers {"HTTP_REFERER"=>"/articles/1"}
REQUESTING PAGE: POST /articles/1 with {"utf8"=>"\xE2\x9C\x93", "_method"=>"put", "article"=>{"title"=>"No more hello world!", "content"=>""}, "commit"=>"Guardar"} and HTTP headers {"HTTP_REFERER"=>"/articles/1/edit"}
REQUESTING PAGE: GET /articles with {} and HTTP headers {}
REQUESTING PAGE: GET /articles/1 with {} and HTTP headers {"HTTP_REFERER"=>"/articles"}
REQUESTING PAGE: GET /articles/1/edit with {} and HTTP headers {"HTTP_REFERER"=>"/articles/1"}
REQUESTING PAGE: POST /articles/1 with {"utf8"=>"\xE2\x9C\x93", "_method"=>"put", "article"=>{"title"=>"Hello world!", "content"=>"este no es el Content original"}, "commit"=>"Guardar"} and HTTP headers {"HTTP_REFERER"=>"/articles/1/edit"}
REQUESTING PAGE: GET /articles with {} and HTTP headers {}
REQUESTING PAGE: GET /articles with {} and HTTP headers {}
REQUESTING PAGE: GET /articles/1 with {} and HTTP headers {"HTTP_REFERER"=>"/articles"}
REQUESTING PAGE: GET /articles with {} and HTTP headers {}
REQUESTING PAGE: GET /articles/new with {} and HTTP headers {"HTTP_REFERER"=>"/articles"}
REQUESTING PAGE: POST /articles with {"utf8"=>"\xE2\x9C\x93", "article"=>{"title"=>"Hello world!", "content"=>""}, "commit"=>"Guardar"} and HTTP headers {"HTTP_REFERER"=>"/articles/new"}
REQUESTING PAGE: GET /articles with {} and HTTP headers {}
REQUESTING PAGE: GET /articles/new with {} and HTTP headers {"HTTP_REFERER"=>"/articles"}
REQUESTING PAGE: POST /articles with {"utf8"=>"\xE2\x9C\x93", "article"=>{"title"=>"", "content"=>""}, "commit"=>"Guardar"} and HTTP headers {"HTTP_REFERER"=>"/articles/new"}
REQUESTING PAGE: GET /articles with {} and HTTP headers {}
REQUESTING PAGE: GET /articles/1 with {} and HTTP headers {"HTTP_REFERER"=>"/articles"}
REQUESTING PAGE: GET /articles with {} and HTTP headers {}
REQUESTING PAGE: GET /articles/1 with {} and HTTP headers {"HTTP_REFERER"=>"/articles"}
REQUESTING PAGE: GET /articles/1/edit with {} and HTTP headers {"HTTP_REFERER"=>"/articles/1"}
REQUESTING PAGE: POST /articles/1 with {"utf8"=>"\xE2\x9C\x93", "_method"=>"put", "article"=>{"title"=>"No more hello world!", "content"=>""}, "commit"=>"Guardar"} and HTTP headers {"HTTP_REFERER"=>"/articles/1/edit"}
REQUESTING PAGE: GET /articles with {} and HTTP headers {}
REQUESTING PAGE: GET /articles/1 with {} and HTTP headers {"HTTP_REFERER"=>"/articles"}
REQUESTING PAGE: GET /articles/1/edit with {} and HTTP headers {"HTTP_REFERER"=>"/articles/1"}
REQUESTING PAGE: POST /articles/1 with {"utf8"=>"\xE2\x9C\x93", "_method"=>"put", "article"=>{"title"=>"Hello world!", "content"=>"este no es el Content original"}, "commit"=>"Guardar"} and HTTP headers {"HTTP_REFERER"=>"/articles/1/edit"}
REQUESTING PAGE: GET /articles with {} and HTTP headers {}
REQUESTING PAGE: GET /articles with {} and HTTP headers {}
REQUESTING PAGE: GET /articles/1 with {} and HTTP headers {"HTTP_REFERER"=>"/articles"}
REQUESTING PAGE: GET /articles with {} and HTTP headers {}
REQUESTING PAGE: GET /articles/new with {} and HTTP headers {"HTTP_REFERER"=>"/articles"}
REQUESTING PAGE: POST /articles with {"utf8"=>"\xE2\x9C\x93", "article"=>{"title"=>"Hello world!", "content"=>""}, "commit"=>"Guardar"} and HTTP headers {"HTTP_REFERER"=>"/articles/new"}
REQUESTING PAGE: GET /articles with {} and HTTP headers {}
REQUESTING PAGE: GET /articles/new with {} and HTTP headers {"HTTP_REFERER"=>"/articles"}
REQUESTING PAGE: POST /articles with {"utf8"=>"\xE2\x9C\x93", "article"=>{"title"=>"", "content"=>""}, "commit"=>"Guardar"} and HTTP headers {"HTTP_REFERER"=>"/articles/new"}
REQUESTING PAGE: GET /articles with {} and HTTP headers {}
REQUESTING PAGE: GET /articles/1 with {} and HTTP headers {"HTTP_REFERER"=>"/articles"}
REQUESTING PAGE: GET /articles with {} and HTTP headers {}
REQUESTING PAGE: GET /articles/1 with {} and HTTP headers {"HTTP_REFERER"=>"/articles"}
REQUESTING PAGE: GET /articles/1/edit with {} and HTTP headers {"HTTP_REFERER"=>"/articles/1"}
REQUESTING PAGE: POST /articles/1 with {"utf8"=>"\xE2\x9C\x93", "_method"=>"put", "article"=>{"title"=>"No more hello world!", "content"=>""}, "commit"=>"Guardar"} and HTTP headers {"HTTP_REFERER"=>"/articles/1/edit"}
REQUESTING PAGE: GET /articles with {} and HTTP headers {}
REQUESTING PAGE: GET /articles/1 with {} and HTTP headers {"HTTP_REFERER"=>"/articles"}
REQUESTING PAGE: GET /articles/1/edit with {} and HTTP headers {"HTTP_REFERER"=>"/articles/1"}
REQUESTING PAGE: POST /articles/1 with {"utf8"=>"\xE2\x9C\x93", "_method"=>"put", "article"=>{"title"=>"Hello world!", "content"=>"este no es el Content original"}, "commit"=>"Guardar"} and HTTP headers {"HTTP_REFERER"=>"/articles/1/edit"}
REQUESTING PAGE: GET /articles with {} and HTTP headers {}
REQUESTING PAGE: GET /articles with {} and HTTP headers {}
REQUESTING PAGE: GET /articles/1 with {} and HTTP headers {"HTTP_REFERER"=>"/articles"}
